<?xml version="1.0" encoding="UTF-8"?>
<!-- Generated by org.testng.reporters.JUnitXMLReporter -->
<testsuite ignored="2" hostname="DESKTOP-JA0HHIQ" failures="1" tests="1" name="Default test(failed)(failed)" time="13.213" errors="0" timestamp="2024-06-21T15:15:07 IST">
  <testcase classname="com.qa.opencart.tests.ProductInfoPagetest" name="productInfoTest" time="2.284">
    <failure type="java.lang.AssertionError" message="The following asserts failed:
	expected [MacBook Pro] but found [null],
	expected [$2,000.00] but found [null]">
      <![CDATA[java.lang.AssertionError: The following asserts failed:
expected [MacBook Pro] but found [null],
expected [$2,000.00] but found [null]
at com.qa.opencart.tests.ProductInfoPagetest.productInfoTest(ProductInfoPagetest.java:79)
at java.base/java.util.ArrayList.forEach(ArrayList.java:1511)
... Removed 29 stack frames]]>
    </failure>
  </testcase> <!-- productInfoTest -->
  <testcase classname="com.qa.opencart.tests.ProductInfoPagetest" name="productHeaderTest" time="0.0">
    <ignored/>
  </testcase> <!-- productHeaderTest -->
  <testcase classname="com.qa.opencart.tests.ProductInfoPagetest" name="productImagesCountTest" time="0.0">
    <ignored/>
  </testcase> <!-- productImagesCountTest -->
</testsuite> <!-- Default test(failed)(failed) -->
