<!DOCTYPE html>

<html>
  <head>
  <meta charset='utf-8'>
  <title>TestNG reports</title>

    <link type="text/css" href="testng-reports1.css" rel="stylesheet" id="ultra" />
    <link type="text/css" href="testng-reports.css" rel="stylesheet" id="retro" disabled="false"/>
    <script type="text/javascript" src="jquery-3.6.0.min.js"></script>
    <script type="text/javascript" src="testng-reports.js"></script>
    <script type="text/javascript" src="https://www.google.com/jsapi"></script>
    <script type='text/javascript'>
      google.load('visualization', '1', {packages:['table']});
      google.setOnLoadCallback(drawTable);
      var suiteTableInitFunctions = new Array();
      var suiteTableData = new Array();
    </script>
    <!--
      <script type="text/javascript" src="jquery-ui/js/jquery-ui-1.8.16.custom.min.js"></script>
     -->
  </head>

  <body>    <div class="top-banner-root">
      <span class="top-banner-title-font">Test results</span>
      <button id="button" class="button">Switch Retro Theme</button> <!-- button -->
      <br/>
      <span class="top-banner-font-1">1 suite, 2 failed tests</span>
    </div> <!-- top-banner-root -->
    <div class="navigator-root">
      <div class="navigator-suite-header">
        <span>All suites</span>
        <a href="#" title="Collapse/expand all the suites" class="collapse-all-link">
          <img src="collapseall.gif" class="collapse-all-icon">
          </img> <!-- collapse-all-icon -->
        </a> <!-- collapse-all-link -->
      </div> <!-- navigator-suite-header -->
      <div class="suite">
        <div class="rounded-window">
          <div class="suite-header light-rounded-window-top">
            <a href="#" panel-name="suite-Opencart_App_Test_Regression_Suite" class="navigator-link">
              <span class="suite-name border-failed">Opencart App Test Regression Suite</span>
            </a> <!-- navigator-link -->
          </div> <!-- suite-header light-rounded-window-top -->
          <div class="navigator-suite-content">
            <div class="suite-section-title">
              <span>Info</span>
            </div> <!-- suite-section-title -->
            <div class="suite-section-content">
              <ul>
                <li>
                  <a href="#" panel-name="test-xml-Opencart_App_Test_Regression_Suite" class="navigator-link ">
                    <span>C:\Users\Welcome\eclipse-workspace\EcommerceProject\src\test\resources\testrunners\test_sanity.xml</span>
                  </a> <!-- navigator-link  -->
                </li>
                <li>
                  <a href="#" panel-name="testlist-Opencart_App_Test_Regression_Suite" class="navigator-link ">
                    <span class="test-stats">1 test</span>
                  </a> <!-- navigator-link  -->
                </li>
                <li>
                  <a href="#" panel-name="group-Opencart_App_Test_Regression_Suite" class="navigator-link ">
                    <span>0 groups</span>
                  </a> <!-- navigator-link  -->
                </li>
                <li>
                  <a href="#" panel-name="times-Opencart_App_Test_Regression_Suite" class="navigator-link ">
                    <span>Times</span>
                  </a> <!-- navigator-link  -->
                </li>
                <li>
                  <a href="#" panel-name="reporter-Opencart_App_Test_Regression_Suite" class="navigator-link ">
                    <span>Reporter output</span>
                  </a> <!-- navigator-link  -->
                </li>
                <li>
                  <a href="#" panel-name="ignored-methods-Opencart_App_Test_Regression_Suite" class="navigator-link ">
                    <span>Ignored methods</span>
                  </a> <!-- navigator-link  -->
                </li>
                <li>
                  <a href="#" panel-name="chronological-Opencart_App_Test_Regression_Suite" class="navigator-link ">
                    <span>Chronological view</span>
                  </a> <!-- navigator-link  -->
                </li>
              </ul>
            </div> <!-- suite-section-content -->
            <div class="result-section">
              <div class="suite-section-title">
                <span>Results</span>
              </div> <!-- suite-section-title -->
              <div class="suite-section-content">
                <ul>
                  <li>
                    <span class="method-stats">11 methods, 2 failed,   9 passed</span>
                  </li>
                  <li>
                    <span class="method-list-title failed">Failed methods</span>
                    <span class="show-or-hide-methods failed">
                      <a href="#" panel-name="suite-Opencart_App_Test_Regression_Suite" class="hide-methods failed suite-Opencart_App_Test_Regression_Suite"> (hide)</a> <!-- hide-methods failed suite-Opencart_App_Test_Regression_Suite -->
                      <a href="#" panel-name="suite-Opencart_App_Test_Regression_Suite" class="show-methods failed suite-Opencart_App_Test_Regression_Suite"> (show)</a> <!-- show-methods failed suite-Opencart_App_Test_Regression_Suite -->
                    </span>
                    <div class="method-list-content failed suite-Opencart_App_Test_Regression_Suite">
                      <span>
                        <img src="failed.png" width="3%"/>
                        <a href="#" panel-name="suite-Opencart_App_Test_Regression_Suite" title="com.qa.opencart.tests.ProductInfoPageTest" class="method navigator-link" hash-for-method="productImagesCountTest(sasung, Samsung Galaxy Tab 10.1, 7)">productImagesCountTest(sasung, Samsung Galaxy Tab 10.1, 7)</a> <!-- method navigator-link -->
                      </span>
                      <br/>
                      <span>
                        <img src="failed.png" width="3%"/>
                        <a href="#" panel-name="suite-Opencart_App_Test_Regression_Suite" title="com.qa.opencart.tests.ProductInfoPageTest" class="method navigator-link" hash-for-method="productInfoTest">productInfoTest</a> <!-- method navigator-link -->
                      </span>
                      <br/>
                    </div> <!-- method-list-content failed suite-Opencart_App_Test_Regression_Suite -->
                  </li>
                  <li>
                    <span class="method-list-title passed">Passed methods</span>
                    <span class="show-or-hide-methods passed">
                      <a href="#" panel-name="suite-Opencart_App_Test_Regression_Suite" class="hide-methods passed suite-Opencart_App_Test_Regression_Suite"> (hide)</a> <!-- hide-methods passed suite-Opencart_App_Test_Regression_Suite -->
                      <a href="#" panel-name="suite-Opencart_App_Test_Regression_Suite" class="show-methods passed suite-Opencart_App_Test_Regression_Suite"> (show)</a> <!-- show-methods passed suite-Opencart_App_Test_Regression_Suite -->
                    </span>
                    <div class="method-list-content passed suite-Opencart_App_Test_Regression_Suite">
                      <span>
                        <img src="passed.png" width="3%"/>
                        <a href="#" panel-name="suite-Opencart_App_Test_Regression_Suite" title="com.qa.opencart.tests.ProductInfoPageTest" class="method navigator-link" hash-for-method="productHeaderTest(canon, Canon EOS 5D)">productHeaderTest(canon, Canon EOS 5D)</a> <!-- method navigator-link -->
                      </span>
                      <br/>
                      <span>
                        <img src="passed.png" width="3%"/>
                        <a href="#" panel-name="suite-Opencart_App_Test_Regression_Suite" title="com.qa.opencart.tests.ProductInfoPageTest" class="method navigator-link" hash-for-method="productHeaderTest(samsung, Samsung Galaxy Tab 10.1)">productHeaderTest(samsung, Samsung Galaxy Tab 10.1)</a> <!-- method navigator-link -->
                      </span>
                      <br/>
                      <span>
                        <img src="passed.png" width="3%"/>
                        <a href="#" panel-name="suite-Opencart_App_Test_Regression_Suite" title="com.qa.opencart.tests.ProductInfoPageTest" class="method navigator-link" hash-for-method="productHeaderTest(imac, iMac)">productHeaderTest(imac, iMac)</a> <!-- method navigator-link -->
                      </span>
                      <br/>
                      <span>
                        <img src="passed.png" width="3%"/>
                        <a href="#" panel-name="suite-Opencart_App_Test_Regression_Suite" title="com.qa.opencart.tests.ProductInfoPageTest" class="method navigator-link" hash-for-method="productHeaderTest(samsung, Samsung SyncMaster 941BW)">productHeaderTest(samsung, Samsung SyncMaster 941BW)</a> <!-- method navigator-link -->
                      </span>
                      <br/>
                      <span>
                        <img src="passed.png" width="3%"/>
                        <a href="#" panel-name="suite-Opencart_App_Test_Regression_Suite" title="com.qa.opencart.tests.ProductInfoPageTest" class="method navigator-link" hash-for-method="productHeaderTest(macbook, MacBook Pro)">productHeaderTest(macbook, MacBook Pro)</a> <!-- method navigator-link -->
                      </span>
                      <br/>
                      <span>
                        <img src="passed.png" width="3%"/>
                        <a href="#" panel-name="suite-Opencart_App_Test_Regression_Suite" title="com.qa.opencart.tests.ProductInfoPageTest" class="method navigator-link" hash-for-method="productImagesCountTest(macbook, MacBook Pro, 4)">productImagesCountTest(macbook, MacBook Pro, 4)</a> <!-- method navigator-link -->
                      </span>
                      <br/>
                      <span>
                        <img src="passed.png" width="3%"/>
                        <a href="#" panel-name="suite-Opencart_App_Test_Regression_Suite" title="com.qa.opencart.tests.ProductInfoPageTest" class="method navigator-link" hash-for-method="productImagesCountTest(samsung, Samsung SyncMaster 941BW, 1)">productImagesCountTest(samsung, Samsung SyncMaster 941BW, 1)</a> <!-- method navigator-link -->
                      </span>
                      <br/>
                      <span>
                        <img src="passed.png" width="3%"/>
                        <a href="#" panel-name="suite-Opencart_App_Test_Regression_Suite" title="com.qa.opencart.tests.ProductInfoPageTest" class="method navigator-link" hash-for-method="productImagesCountTest(canon, Canon EOS 5D, 3)">productImagesCountTest(canon, Canon EOS 5D, 3)</a> <!-- method navigator-link -->
                      </span>
                      <br/>
                      <span>
                        <img src="passed.png" width="3%"/>
                        <a href="#" panel-name="suite-Opencart_App_Test_Regression_Suite" title="com.qa.opencart.tests.ProductInfoPageTest" class="method navigator-link" hash-for-method="productImagesCountTest(imac, iMac, 3)">productImagesCountTest(imac, iMac, 3)</a> <!-- method navigator-link -->
                      </span>
                      <br/>
                    </div> <!-- method-list-content passed suite-Opencart_App_Test_Regression_Suite -->
                  </li>
                </ul>
              </div> <!-- suite-section-content -->
            </div> <!-- result-section -->
          </div> <!-- navigator-suite-content -->
        </div> <!-- rounded-window -->
      </div> <!-- suite -->
    </div> <!-- navigator-root -->
    <div class="wrapper">
      <div class="main-panel-root">
        <div panel-name="suite-Opencart_App_Test_Regression_Suite" class="panel Opencart_App_Test_Regression_Suite">
          <div class="suite-Opencart_App_Test_Regression_Suite-class-failed">
            <div class="main-panel-header rounded-window-top">
              <img src="failed.png"/>
              <span class="class-name">com.qa.opencart.tests.ProductInfoPageTest</span>
            </div> <!-- main-panel-header rounded-window-top -->
            <div class="main-panel-content rounded-window-bottom">
              <div class="method">
                <div class="method-content">
                  <a name="productImagesCountTest(sasung, Samsung Galaxy Tab 10.1, 7)">
                  </a> <!-- productImagesCountTest(sasung, Samsung Galaxy Tab 10.1, 7) -->
                  <span class="method-name">productImagesCountTest</span>
                  <span class="parameters">(sasung,Samsung Galaxy Tab 10.1,7)</span>
                  <div class="stack-trace">org.openqa.selenium.TimeoutException: Expected condition failed: waiting for visibility of element located by By.linkText: Samsung Galaxy Tab 10.1 (tried for 5 second(s) with 500 milliseconds interval)
Build info: version: &apos;4.21.0&apos;, revision: &apos;79ed462ef4&apos;
System info: os.name: &apos;Windows 10&apos;, os.arch: &apos;amd64&apos;, os.version: &apos;10.0&apos;, java.version: &apos;17.0.9&apos;
Driver info: org.openqa.selenium.chrome.ChromeDriver
Capabilities {acceptInsecureCerts: false, browserName: chrome, browserVersion: 126.0.6478.127, chrome: {chromedriverVersion: 126.0.6478.126 (d36ace6122e..., userDataDir: C:\Users\Welcome\AppData\Lo...}, fedcm:accounts: true, goog:chromeOptions: {debuggerAddress: localhost:57248}, networkConnectionEnabled: false, pageLoadStrategy: normal, platformName: windows, proxy: Proxy(), se:cdp: ws://localhost:57248/devtoo..., se:cdpVersion: 126.0.6478.127, setWindowRect: true, strictFileInteractability: false, timeouts: {implicit: 0, pageLoad: 300000, script: 30000}, unhandledPromptBehavior: dismiss and notify, webauthn:extension:credBlob: true, webauthn:extension:largeBlob: true, webauthn:extension:minPinLength: true, webauthn:extension:prf: true, webauthn:virtualAuthenticators: true}
Session ID: 1e3ab33bdc4a0680c64a64b38b06d8dc
	at org.openqa.selenium.support.ui.WebDriverWait.timeoutException(WebDriverWait.java:84)
	at org.openqa.selenium.support.ui.FluentWait.until(FluentWait.java:228)
	at com.qa.opencart.utils.ElementUtil.waitForElementVisible(ElementUtil.java:431)
	at com.qa.opencart.utils.ElementUtil.doClickWithWait(ElementUtil.java:417)
	at com.qa.opencart.pages.SearchResultsPage.selectProduct(SearchResultsPage.java:35)
	at com.qa.opencart.tests.ProductInfoPageTest.productImagesCountTest(ProductInfoPageTest.java:66)
	at java.base/jdk.internal.reflect.NativeMethodAccessorImpl.invoke0(Native Method)
	at java.base/jdk.internal.reflect.NativeMethodAccessorImpl.invoke(NativeMethodAccessorImpl.java:77)
	at java.base/jdk.internal.reflect.DelegatingMethodAccessorImpl.invoke(DelegatingMethodAccessorImpl.java:43)
	at java.base/java.lang.reflect.Method.invoke(Method.java:568)
	at org.testng.internal.invokers.MethodInvocationHelper.invokeMethod(MethodInvocationHelper.java:139)
	at org.testng.internal.invokers.TestInvoker.invokeMethod(TestInvoker.java:664)
	at org.testng.internal.invokers.TestInvoker.invokeTestMethod(TestInvoker.java:228)
	at org.testng.internal.invokers.MethodRunner.runInSequence(MethodRunner.java:63)
	at org.testng.internal.invokers.TestInvoker$MethodInvocationAgent.invoke(TestInvoker.java:961)
	at org.testng.internal.invokers.TestInvoker.invokeTestMethods(TestInvoker.java:201)
	at org.testng.internal.invokers.TestMethodWorker.invokeTestMethods(TestMethodWorker.java:148)
	at org.testng.internal.invokers.TestMethodWorker.run(TestMethodWorker.java:128)
	at java.base/java.util.ArrayList.forEach(ArrayList.java:1511)
	at org.testng.TestRunner.privateRun(TestRunner.java:819)
	at org.testng.TestRunner.run(TestRunner.java:619)
	at org.testng.SuiteRunner.runTest(SuiteRunner.java:443)
	at org.testng.SuiteRunner$SuiteWorker.run(SuiteRunner.java:481)
	at org.testng.internal.thread.ThreadUtil.lambda$execute$0(ThreadUtil.java:58)
	at java.base/java.util.concurrent.FutureTask.run(FutureTask.java:264)
	at java.base/java.util.concurrent.ThreadPoolExecutor.runWorker(ThreadPoolExecutor.java:1136)
	at java.base/java.util.concurrent.ThreadPoolExecutor$Worker.run(ThreadPoolExecutor.java:635)
	at java.base/java.lang.Thread.run(Thread.java:840)

</div> <!-- stack-trace -->
                </div> <!-- method-content -->
              </div> <!-- method -->
              <div class="method">
                <div class="method-content">
                  <a name="productInfoTest">
                  </a> <!-- productInfoTest -->
                  <span class="method-name">productInfoTest</span>
                  <div class="stack-trace">java.lang.AssertionError: The following asserts failed:
	expected [MacBook Pro] but found [null],
	expected [$2,000.00] but found [null]
	at org.testng.asserts.SoftAssert.assertAll(SoftAssert.java:46)
	at org.testng.asserts.SoftAssert.assertAll(SoftAssert.java:30)
	at com.qa.opencart.tests.ProductInfoPageTest.productInfoTest(ProductInfoPageTest.java:87)
	at java.base/jdk.internal.reflect.NativeMethodAccessorImpl.invoke0(Native Method)
	at java.base/jdk.internal.reflect.NativeMethodAccessorImpl.invoke(NativeMethodAccessorImpl.java:77)
	at java.base/jdk.internal.reflect.DelegatingMethodAccessorImpl.invoke(DelegatingMethodAccessorImpl.java:43)
	at java.base/java.lang.reflect.Method.invoke(Method.java:568)
	at org.testng.internal.invokers.MethodInvocationHelper.invokeMethod(MethodInvocationHelper.java:139)
	at org.testng.internal.invokers.TestInvoker.invokeMethod(TestInvoker.java:664)
	at org.testng.internal.invokers.TestInvoker.invokeTestMethod(TestInvoker.java:228)
	at org.testng.internal.invokers.MethodRunner.runInSequence(MethodRunner.java:63)
	at org.testng.internal.invokers.TestInvoker$MethodInvocationAgent.invoke(TestInvoker.java:961)
	at org.testng.internal.invokers.TestInvoker.invokeTestMethods(TestInvoker.java:201)
	at org.testng.internal.invokers.TestMethodWorker.invokeTestMethods(TestMethodWorker.java:148)
	at org.testng.internal.invokers.TestMethodWorker.run(TestMethodWorker.java:128)
	at java.base/java.util.ArrayList.forEach(ArrayList.java:1511)
	at org.testng.TestRunner.privateRun(TestRunner.java:819)
	at org.testng.TestRunner.run(TestRunner.java:619)
	at org.testng.SuiteRunner.runTest(SuiteRunner.java:443)
	at org.testng.SuiteRunner$SuiteWorker.run(SuiteRunner.java:481)
	at org.testng.internal.thread.ThreadUtil.lambda$execute$0(ThreadUtil.java:58)
	at java.base/java.util.concurrent.FutureTask.run(FutureTask.java:264)
	at java.base/java.util.concurrent.ThreadPoolExecutor.runWorker(ThreadPoolExecutor.java:1136)
	at java.base/java.util.concurrent.ThreadPoolExecutor$Worker.run(ThreadPoolExecutor.java:635)
	at java.base/java.lang.Thread.run(Thread.java:840)

</div> <!-- stack-trace -->
                </div> <!-- method-content -->
              </div> <!-- method -->
            </div> <!-- main-panel-content rounded-window-bottom -->
          </div> <!-- suite-Opencart_App_Test_Regression_Suite-class-failed -->
          <div class="suite-Opencart_App_Test_Regression_Suite-class-passed">
            <div class="main-panel-header rounded-window-top">
              <img src="passed.png"/>
              <span class="class-name">com.qa.opencart.tests.ProductInfoPageTest</span>
            </div> <!-- main-panel-header rounded-window-top -->
            <div class="main-panel-content rounded-window-bottom">
              <div class="method">
                <div class="method-content">
                  <a name="productHeaderTest(canon, Canon EOS 5D)">
                  </a> <!-- productHeaderTest(canon, Canon EOS 5D) -->
                  <span class="method-name">productHeaderTest</span>
                  <span class="parameters">(canon,Canon EOS 5D)</span>
                </div> <!-- method-content -->
              </div> <!-- method -->
              <div class="method">
                <div class="method-content">
                  <a name="productHeaderTest(samsung, Samsung Galaxy Tab 10.1)">
                  </a> <!-- productHeaderTest(samsung, Samsung Galaxy Tab 10.1) -->
                  <span class="method-name">productHeaderTest</span>
                  <span class="parameters">(samsung,Samsung Galaxy Tab 10.1)</span>
                </div> <!-- method-content -->
              </div> <!-- method -->
              <div class="method">
                <div class="method-content">
                  <a name="productHeaderTest(imac, iMac)">
                  </a> <!-- productHeaderTest(imac, iMac) -->
                  <span class="method-name">productHeaderTest</span>
                  <span class="parameters">(imac,iMac)</span>
                </div> <!-- method-content -->
              </div> <!-- method -->
              <div class="method">
                <div class="method-content">
                  <a name="productHeaderTest(samsung, Samsung SyncMaster 941BW)">
                  </a> <!-- productHeaderTest(samsung, Samsung SyncMaster 941BW) -->
                  <span class="method-name">productHeaderTest</span>
                  <span class="parameters">(samsung,Samsung SyncMaster 941BW)</span>
                </div> <!-- method-content -->
              </div> <!-- method -->
              <div class="method">
                <div class="method-content">
                  <a name="productHeaderTest(macbook, MacBook Pro)">
                  </a> <!-- productHeaderTest(macbook, MacBook Pro) -->
                  <span class="method-name">productHeaderTest</span>
                  <span class="parameters">(macbook,MacBook Pro)</span>
                </div> <!-- method-content -->
              </div> <!-- method -->
              <div class="method">
                <div class="method-content">
                  <a name="productImagesCountTest(macbook, MacBook Pro, 4)">
                  </a> <!-- productImagesCountTest(macbook, MacBook Pro, 4) -->
                  <span class="method-name">productImagesCountTest</span>
                  <span class="parameters">(macbook,MacBook Pro,4)</span>
                </div> <!-- method-content -->
              </div> <!-- method -->
              <div class="method">
                <div class="method-content">
                  <a name="productImagesCountTest(samsung, Samsung SyncMaster 941BW, 1)">
                  </a> <!-- productImagesCountTest(samsung, Samsung SyncMaster 941BW, 1) -->
                  <span class="method-name">productImagesCountTest</span>
                  <span class="parameters">(samsung,Samsung SyncMaster 941BW,1)</span>
                </div> <!-- method-content -->
              </div> <!-- method -->
              <div class="method">
                <div class="method-content">
                  <a name="productImagesCountTest(canon, Canon EOS 5D, 3)">
                  </a> <!-- productImagesCountTest(canon, Canon EOS 5D, 3) -->
                  <span class="method-name">productImagesCountTest</span>
                  <span class="parameters">(canon,Canon EOS 5D,3)</span>
                </div> <!-- method-content -->
              </div> <!-- method -->
              <div class="method">
                <div class="method-content">
                  <a name="productImagesCountTest(imac, iMac, 3)">
                  </a> <!-- productImagesCountTest(imac, iMac, 3) -->
                  <span class="method-name">productImagesCountTest</span>
                  <span class="parameters">(imac,iMac,3)</span>
                </div> <!-- method-content -->
              </div> <!-- method -->
            </div> <!-- main-panel-content rounded-window-bottom -->
          </div> <!-- suite-Opencart_App_Test_Regression_Suite-class-passed -->
        </div> <!-- panel Opencart_App_Test_Regression_Suite -->
        <div panel-name="test-xml-Opencart_App_Test_Regression_Suite" class="panel">
          <div class="main-panel-header rounded-window-top">
            <span class="header-content">C:\Users\Welcome\eclipse-workspace\EcommerceProject\src\test\resources\testrunners\test_sanity.xml</span>
          </div> <!-- main-panel-header rounded-window-top -->
          <div class="main-panel-content rounded-window-bottom">
            <pre>
&lt;?xml version=&quot;1.0&quot; encoding=&quot;UTF-8&quot;?&gt;
&lt;!DOCTYPE suite SYSTEM &quot;https://testng.org/testng-1.0.dtd&quot;&gt;
&lt;suite thread-count=&quot;3&quot; parallel=&quot;tests&quot; name=&quot;Opencart App Test Regression Suite&quot; guice-stage=&quot;DEVELOPMENT&quot; verbose=&quot;4&quot;&gt;
  &lt;test thread-count=&quot;3&quot; parallel=&quot;tests&quot; name=&quot;Reg Page Test&quot; verbose=&quot;4&quot;&gt;
    &lt;parameter name=&quot;browser&quot; value=&quot;chrome&quot;/&gt;
    &lt;classes&gt;
      &lt;class name=&quot;com.qa.opencart.tests.ProductInfoPageTest&quot;/&gt;
    &lt;/classes&gt;
  &lt;/test&gt; &lt;!-- Reg Page Test --&gt;
&lt;/suite&gt; &lt;!-- Opencart App Test Regression Suite --&gt;
            </pre>
          </div> <!-- main-panel-content rounded-window-bottom -->
        </div> <!-- panel -->
        <div panel-name="testlist-Opencart_App_Test_Regression_Suite" class="panel">
          <div class="main-panel-header rounded-window-top">
            <span class="header-content">Tests for Opencart App Test Regression Suite</span>
          </div> <!-- main-panel-header rounded-window-top -->
          <div class="main-panel-content rounded-window-bottom">
            <ul>
              <li>
                <span class="test-name">Reg Page Test (1 class)</span>
              </li>
            </ul>
          </div> <!-- main-panel-content rounded-window-bottom -->
        </div> <!-- panel -->
        <div panel-name="group-Opencart_App_Test_Regression_Suite" class="panel">
          <div class="main-panel-header rounded-window-top">
            <span class="header-content">Groups for Opencart App Test Regression Suite</span>
          </div> <!-- main-panel-header rounded-window-top -->
          <div class="main-panel-content rounded-window-bottom">
          </div> <!-- main-panel-content rounded-window-bottom -->
        </div> <!-- panel -->
        <div panel-name="times-Opencart_App_Test_Regression_Suite" class="panel">
          <div class="main-panel-header rounded-window-top">
            <span class="header-content">Times for Opencart App Test Regression Suite</span>
          </div> <!-- main-panel-header rounded-window-top -->
          <div class="main-panel-content rounded-window-bottom">
            <div class="times-div">
              <script type="text/javascript">
suiteTableInitFunctions.push('tableData_Opencart_App_Test_Regression_Suite');
function tableData_Opencart_App_Test_Regression_Suite() {
var data = new google.visualization.DataTable();
data.addColumn('number', 'Number');
data.addColumn('string', 'Method');
data.addColumn('string', 'Class');
data.addColumn('number', 'Time (ms)');
data.addRows(11);
data.setCell(0, 0, 0)
data.setCell(0, 1, 'productImagesCountTest')
data.setCell(0, 2, 'com.qa.opencart.tests.ProductInfoPageTest')
data.setCell(0, 3, 5934);
data.setCell(1, 0, 1)
data.setCell(1, 1, 'productHeaderTest')
data.setCell(1, 2, 'com.qa.opencart.tests.ProductInfoPageTest')
data.setCell(1, 3, 1851);
data.setCell(2, 0, 2)
data.setCell(2, 1, 'productHeaderTest')
data.setCell(2, 2, 'com.qa.opencart.tests.ProductInfoPageTest')
data.setCell(2, 3, 1385);
data.setCell(3, 0, 3)
data.setCell(3, 1, 'productInfoTest')
data.setCell(3, 2, 'com.qa.opencart.tests.ProductInfoPageTest')
data.setCell(3, 3, 1249);
data.setCell(4, 0, 4)
data.setCell(4, 1, 'productImagesCountTest')
data.setCell(4, 2, 'com.qa.opencart.tests.ProductInfoPageTest')
data.setCell(4, 3, 1244);
data.setCell(5, 0, 5)
data.setCell(5, 1, 'productHeaderTest')
data.setCell(5, 2, 'com.qa.opencart.tests.ProductInfoPageTest')
data.setCell(5, 3, 1129);
data.setCell(6, 0, 6)
data.setCell(6, 1, 'productHeaderTest')
data.setCell(6, 2, 'com.qa.opencart.tests.ProductInfoPageTest')
data.setCell(6, 3, 1043);
data.setCell(7, 0, 7)
data.setCell(7, 1, 'productHeaderTest')
data.setCell(7, 2, 'com.qa.opencart.tests.ProductInfoPageTest')
data.setCell(7, 3, 1003);
data.setCell(8, 0, 8)
data.setCell(8, 1, 'productImagesCountTest')
data.setCell(8, 2, 'com.qa.opencart.tests.ProductInfoPageTest')
data.setCell(8, 3, 941);
data.setCell(9, 0, 9)
data.setCell(9, 1, 'productImagesCountTest')
data.setCell(9, 2, 'com.qa.opencart.tests.ProductInfoPageTest')
data.setCell(9, 3, 938);
data.setCell(10, 0, 10)
data.setCell(10, 1, 'productImagesCountTest')
data.setCell(10, 2, 'com.qa.opencart.tests.ProductInfoPageTest')
data.setCell(10, 3, 881);
window.suiteTableData['Opencart_App_Test_Regression_Suite']= { tableData: data, tableDiv: 'times-div-Opencart_App_Test_Regression_Suite'}
return data;
}
              </script>
              <span class="suite-total-time">Total running time: 26 seconds</span>
              <div id="times-div-Opencart_App_Test_Regression_Suite">
              </div> <!-- times-div-Opencart_App_Test_Regression_Suite -->
            </div> <!-- times-div -->
          </div> <!-- main-panel-content rounded-window-bottom -->
        </div> <!-- panel -->
        <div panel-name="reporter-Opencart_App_Test_Regression_Suite" class="panel">
          <div class="main-panel-header rounded-window-top">
            <span class="header-content">Reporter output for Opencart App Test Regression Suite</span>
          </div> <!-- main-panel-header rounded-window-top -->
          <div class="main-panel-content rounded-window-bottom">
          </div> <!-- main-panel-content rounded-window-bottom -->
        </div> <!-- panel -->
        <div panel-name="ignored-methods-Opencart_App_Test_Regression_Suite" class="panel">
          <div class="main-panel-header rounded-window-top">
            <span class="header-content">0 ignored methods</span>
          </div> <!-- main-panel-header rounded-window-top -->
          <div class="main-panel-content rounded-window-bottom">
          </div> <!-- main-panel-content rounded-window-bottom -->
        </div> <!-- panel -->
        <div panel-name="chronological-Opencart_App_Test_Regression_Suite" class="panel">
          <div class="main-panel-header rounded-window-top">
            <span class="header-content">Methods in chronological order</span>
          </div> <!-- main-panel-header rounded-window-top -->
          <div class="main-panel-content rounded-window-bottom">
            <div class="chronological-class">
              <div class="chronological-class-name">com.qa.opencart.tests.ProductInfoPageTest</div> <!-- chronological-class-name -->
              <div class="configuration-test before">
                <span class="method-name">setUp(chrome)</span>
                <span class="method-start">0 ms</span>
              </div> <!-- configuration-test before -->
              <div class="configuration-class before">
                <span class="method-name">productInfoPageTest</span>
                <span class="method-start">6347 ms</span>
              </div> <!-- configuration-class before -->
              <div class="test-method">
                <span class="method-name">productHeaderTest(macbook, MacBook Pro)</span>
                <span class="method-start">7294 ms</span>
              </div> <!-- test-method -->
              <div class="test-method">
                <span class="method-name">productHeaderTest(imac, iMac)</span>
                <span class="method-start">9152 ms</span>
              </div> <!-- test-method -->
              <div class="test-method">
                <span class="method-name">productHeaderTest(samsung, Samsung SyncMaster 941BW)</span>
                <span class="method-start">10539 ms</span>
              </div> <!-- test-method -->
              <div class="test-method">
                <span class="method-name">productHeaderTest(samsung, Samsung Galaxy Tab 10.1)</span>
                <span class="method-start">11550 ms</span>
              </div> <!-- test-method -->
              <div class="test-method">
                <span class="method-name">productHeaderTest(canon, Canon EOS 5D)</span>
                <span class="method-start">12598 ms</span>
              </div> <!-- test-method -->
              <div class="test-method">
                <span class="method-name">productImagesCountTest(macbook, MacBook Pro, 4)</span>
                <span class="method-start">14503 ms</span>
              </div> <!-- test-method -->
              <div class="test-method">
                <span class="method-name">productImagesCountTest(imac, iMac, 3)</span>
                <span class="method-start">15443 ms</span>
              </div> <!-- test-method -->
              <div class="test-method">
                <span class="method-name">productImagesCountTest(samsung, Samsung SyncMaster 941BW, 1)</span>
                <span class="method-start">16386 ms</span>
              </div> <!-- test-method -->
              <div class="test-method">
                <img src="failed.png">
                </img>
                <span class="method-name">productImagesCountTest(sasung, Samsung Galaxy Tab 10.1, 7)</span>
                <span class="method-start">17270 ms</span>
              </div> <!-- test-method -->
              <div class="test-method">
                <span class="method-name">productImagesCountTest(canon, Canon EOS 5D, 3)</span>
                <span class="method-start">23208 ms</span>
              </div> <!-- test-method -->
              <div class="test-method">
                <img src="failed.png">
                </img>
                <span class="method-name">productInfoTest</span>
                <span class="method-start">24455 ms</span>
              </div> <!-- test-method -->
              <div class="configuration-test after">
                <span class="method-name">tearDown</span>
                <span class="method-start">25714 ms</span>
              </div> <!-- configuration-test after -->
          </div> <!-- main-panel-content rounded-window-bottom -->
        </div> <!-- panel -->
      </div> <!-- main-panel-root -->
    </div> <!-- wrapper -->
  </body>
<script type="text/javascript" src="testng-reports2.js"></script>
</html>
